<?xml version="1.0" encoding="UTF-8"?>
<!-- Generated by org.testng.reporters.JUnitReportReporter -->
<testsuite hostname="DESKTOP-JRJEIR3" failures="0" tests="4" name="com.tutorialsninja.qa.testcases.Register" time="33.009" errors="0" timestamp="2024-09-09T13:39:58 IST" skipped="0">
  <testcase classname="com.tutorialsninja.qa.testcases.Register" name="verifyRegisterAnAccountWithMandetoryFields" time="7.772"/>
  <testcase classname="com.tutorialsninja.qa.testcases.Register" name="verifyRegisterAnAccountWithAllTheFields" time="7.890"/>
  <testcase classname="com.tutorialsninja.qa.testcases.Register" name="verifyRegisterAnAccountWithExixtingEmailAddress" time="9.611"/>
  <testcase classname="com.tutorialsninja.qa.testcases.Register" name="verifyRegisterAnAccountWithoutFillingAnyDetails" time="7.736"/>
</testsuite> <!-- com.tutorialsninja.qa.testcases.Register -->
