<?xml version="1.0" encoding="UTF-8"?>
<!-- Generated by org.testng.reporters.JUnitReportReporter -->
<testsuite hostname="DESKTOP-JRJEIR3" failures="0" tests="3" name="com.tutorialsninja.qa.testcases.Search" time="29.119" errors="0" timestamp="2024-09-09T13:32:23 IST" skipped="0">
  <testcase classname="com.tutorialsninja.qa.testcases.Search" name="verifySearchWithValidProduct" time="9.512"/>
  <testcase classname="com.tutorialsninja.qa.testcases.Search" name="verifySearchWithInvalidProduct" time="8.280"/>
  <testcase classname="com.tutorialsninja.qa.testcases.Search" name="verifySearchWithoutAnyProduct" time="11.327"/>
</testsuite> <!-- com.tutorialsninja.qa.testcases.Search -->
